<?xml version="1.0" encoding="UTF-8"?>
<!-- Generated by org.testng.reporters.JUnitReportReporter -->
<testsuite hostname="LTIN283332" failures="0" tests="6" name="HandleBrowser.NewTest" time="56.391" errors="0" timestamp="2024-01-23T15:21:14 IST" skipped="0">
  <testcase classname="HandleBrowser.NewTest" name="createDriver" time="28.899"/>
  <testcase classname="HandleBrowser.NewTest" name="createDriver" time="7.194"/>
  <testcase classname="HandleBrowser.NewTest" name="configure" time="1.941"/>
  <testcase classname="HandleBrowser.NewTest" name="configure" time="4.244"/>
  <testcase classname="HandleBrowser.NewTest" name="handleWindows" time="9.695"/>
  <testcase classname="HandleBrowser.NewTest" name="handleWindows" time="4.418"/>
</testsuite> <!-- HandleBrowser.NewTest -->
